This is pdfTeX, Version 3.141592653-2.6-1.40.25 (TeX Live 2023) (preloaded format=pdflatex 2023.11.24)  17 JUN 2024 21:11
entering extended mode
 restricted \write18 enabled.
 file:line:error style messages enabled.
 %&-line parsing enabled.
**discussion.tex
(./discussion.tex
LaTeX2e <2023-11-01>
L3 programming layer <2023-11-09>
(/usr/local/texlive/2023/texmf-dist/tex/latex/beamer/beamer.cls
Document Class: beamer 2023/05/15 v3.70 A class for typesetting presentations
(/usr/local/texlive/2023/texmf-dist/tex/latex/beamer/beamerbasemodes.sty
(/usr/local/texlive/2023/texmf-dist/tex/latex/etoolbox/etoolbox.sty
Package: etoolbox 2020/10/05 v2.5k e-TeX tools for LaTeX (JAW)
\etb@tempcnta=\count186
)
\beamer@tempbox=\box51
\beamer@tempcount=\count187
\c@beamerpauses=\count188

(/usr/local/texlive/2023/texmf-dist/tex/latex/beamer/beamerbasedecode.sty
\beamer@slideinframe=\count189
\beamer@minimum=\count190
\beamer@decode@box=\box52
)
\beamer@commentbox=\box53
\beamer@modecount=\count191
)
(/usr/local/texlive/2023/texmf-dist/tex/generic/iftex/iftex.sty
Package: iftex 2022/02/03 v1.0f TeX engine tests
)
\headdp=\dimen140
\footheight=\dimen141
\sidebarheight=\dimen142
\beamer@tempdim=\dimen143
\beamer@finalheight=\dimen144
\beamer@animht=\dimen145
\beamer@animdp=\dimen146
\beamer@animwd=\dimen147
\beamer@leftmargin=\dimen148
\beamer@rightmargin=\dimen149
\beamer@leftsidebar=\dimen150
\beamer@rightsidebar=\dimen151
\beamer@boxsize=\dimen152
\beamer@vboxoffset=\dimen153
\beamer@descdefault=\dimen154
\beamer@descriptionwidth=\dimen155
\beamer@lastskip=\skip48
\beamer@areabox=\box54
\beamer@animcurrent=\box55
\beamer@animshowbox=\box56
\beamer@sectionbox=\box57
\beamer@logobox=\box58
\beamer@linebox=\box59
\beamer@sectioncount=\count192
\beamer@subsubsectionmax=\count193
\beamer@subsectionmax=\count194
\beamer@sectionmax=\count195
\beamer@totalheads=\count196
\beamer@headcounter=\count197
\beamer@partstartpage=\count198
\beamer@sectionstartpage=\count199
\beamer@subsectionstartpage=\count266
\beamer@animationtempa=\count267
\beamer@animationtempb=\count268
\beamer@xpos=\count269
\beamer@ypos=\count270
\beamer@ypos@offset=\count271
\beamer@showpartnumber=\count272
\beamer@currentsubsection=\count273
\beamer@coveringdepth=\count274
\beamer@sectionadjust=\count275
\beamer@toclastsection=\count276
\beamer@tocsectionnumber=\count277

(/usr/local/texlive/2023/texmf-dist/tex/latex/beamer/beamerbaseoptions.sty
(/usr/local/texlive/2023/texmf-dist/tex/latex/graphics/keyval.sty
Package: keyval 2022/05/29 v1.15 key=value parser (DPC)
\KV@toks@=\toks17
))
\beamer@paperwidth=\skip49
\beamer@paperheight=\skip50

(/usr/local/texlive/2023/texmf-dist/tex/latex/geometry/geometry.sty
Package: geometry 2020/01/02 v5.9 Page Geometry

(/usr/local/texlive/2023/texmf-dist/tex/generic/iftex/ifvtex.sty
Package: ifvtex 2019/10/25 v1.7 ifvtex legacy package. Use iftex instead.
)
\Gm@cnth=\count278
\Gm@cntv=\count279
\c@Gm@tempcnt=\count280
\Gm@bindingoffset=\dimen156
\Gm@wd@mp=\dimen157
\Gm@odd@mp=\dimen158
\Gm@even@mp=\dimen159
\Gm@layoutwidth=\dimen160
\Gm@layoutheight=\dimen161
\Gm@layouthoffset=\dimen162
\Gm@layoutvoffset=\dimen163
\Gm@dimlist=\toks18
)
(/home/nandan/texmf/tex/latex/pgf/math/pgfmath.sty
(/home/nandan/texmf/tex/latex/pgf/utilities/pgfrcs.sty
(/home/nandan/texmf/tex/generic/pgf/utilities/pgfutil-common.tex
\pgfutil@everybye=\toks19
\pgfutil@tempdima=\dimen164
\pgfutil@tempdimb=\dimen165

(/home/nandan/texmf/tex/generic/pgf/utilities/pgfutil-common-lists.tex))
(/home/nandan/texmf/tex/generic/pgf/utilities/pgfutil-latex.def
\pgfutil@abb=\box60

(/usr/local/texlive/2023/texmf-dist/tex/latex/everyshi/everyshi.sty
Package: everyshi 2020/11/18 v4.00 EveryShipout Package
))
(/home/nandan/texmf/tex/generic/pgf/utilities/pgfrcs.code.tex
(/home/nandan/texmf/tex/generic/pgf/pgf.revision.tex)
Package: pgfrcs 2020/01/08 v3.1.5b (3.1.5b)
))
(/home/nandan/texmf/tex/latex/pgf/utilities/pgfkeys.sty
(/home/nandan/texmf/tex/generic/pgf/utilities/pgfkeys.code.tex
\pgfkeys@pathtoks=\toks20
\pgfkeys@temptoks=\toks21

(/home/nandan/texmf/tex/generic/pgf/utilities/pgfkeysfiltered.code.tex
\pgfkeys@tmptoks=\toks22
)))
(/home/nandan/texmf/tex/generic/pgf/math/pgfmath.code.tex
(/home/nandan/texmf/tex/generic/pgf/math/pgfmathcalc.code.tex
(/home/nandan/texmf/tex/generic/pgf/math/pgfmathutil.code.tex
\pgf@x=\dimen166
\pgf@xa=\dimen167
\pgf@xb=\dimen168
\pgf@xc=\dimen169
\pgf@y=\dimen170
\pgf@ya=\dimen171
\pgf@yb=\dimen172
\pgf@yc=\dimen173
\c@pgf@counta=\count281
\c@pgf@countb=\count282
\c@pgf@countc=\count283
\c@pgf@countd=\count284
)
(/home/nandan/texmf/tex/generic/pgf/math/pgfmathparser.code.tex
\pgfmath@dimen=\dimen174
\pgfmath@count=\count285
\pgfmath@box=\box61
\pgfmath@toks=\toks23
\pgfmath@stack@operand=\toks24
\pgfmath@stack@operation=\toks25
)
(/home/nandan/texmf/tex/generic/pgf/math/pgfmathfunctions.code.tex
(/home/nandan/texmf/tex/generic/pgf/math/pgfmathfunctions.basic.code.tex)
(/home/nandan/texmf/tex/generic/pgf/math/pgfmathfunctions.trigonometric.code.te
x) (/home/nandan/texmf/tex/generic/pgf/math/pgfmathfunctions.random.code.tex)
(/home/nandan/texmf/tex/generic/pgf/math/pgfmathfunctions.comparison.code.tex)
(/home/nandan/texmf/tex/generic/pgf/math/pgfmathfunctions.base.code.tex)
(/home/nandan/texmf/tex/generic/pgf/math/pgfmathfunctions.round.code.tex)
(/home/nandan/texmf/tex/generic/pgf/math/pgfmathfunctions.misc.code.tex)
(/home/nandan/texmf/tex/generic/pgf/math/pgfmathfunctions.integerarithmetics.co
de.tex))) (/home/nandan/texmf/tex/generic/pgf/math/pgfmathfloat.code.tex
\c@pgfmathroundto@lastzeros=\count286
)))
(/usr/local/texlive/2023/texmf-dist/tex/latex/base/size11.clo
File: size11.clo 2023/05/17 v1.4n Standard LaTeX file (size option)
)
(/home/nandan/texmf/tex/latex/pgf/basiclayer/pgfcore.sty
(/usr/local/texlive/2023/texmf-dist/tex/latex/graphics/graphicx.sty
Package: graphicx 2021/09/16 v1.2d Enhanced LaTeX Graphics (DPC,SPQR)

(/usr/local/texlive/2023/texmf-dist/tex/latex/graphics/graphics.sty
Package: graphics 2022/03/10 v1.4e Standard LaTeX Graphics (DPC,SPQR)

(/usr/local/texlive/2023/texmf-dist/tex/latex/graphics/trig.sty
Package: trig 2021/08/11 v1.11 sin cos tan (DPC)
)
(/usr/local/texlive/2023/texmf-dist/tex/latex/graphics-cfg/graphics.cfg
File: graphics.cfg 2016/06/04 v1.11 sample graphics configuration
)
Package graphics Info: Driver file: pdftex.def on input line 107.

(/usr/local/texlive/2023/texmf-dist/tex/latex/graphics-def/pdftex.def
File: pdftex.def 2022/09/22 v1.2b Graphics/color driver for pdftex
))
\Gin@req@height=\dimen175
\Gin@req@width=\dimen176
)
(/home/nandan/texmf/tex/latex/pgf/systemlayer/pgfsys.sty
(/home/nandan/texmf/tex/generic/pgf/systemlayer/pgfsys.code.tex
Package: pgfsys 2020/01/08 v3.1.5b (3.1.5b)

(/home/nandan/texmf/tex/generic/pgf/utilities/pgfkeys.code.tex)
\pgf@x=\dimen177
\pgf@y=\dimen178
\pgf@xa=\dimen179
\pgf@ya=\dimen180
\pgf@xb=\dimen181
\pgf@yb=\dimen182
\pgf@xc=\dimen183
\pgf@yc=\dimen184
\pgf@xd=\dimen185
\pgf@yd=\dimen186
\w@pgf@writea=\write3
\r@pgf@reada=\read2
\c@pgf@counta=\count287
\c@pgf@countb=\count288
\c@pgf@countc=\count289
\c@pgf@countd=\count290
\t@pgf@toka=\toks26
\t@pgf@tokb=\toks27
\t@pgf@tokc=\toks28
\pgf@sys@id@count=\count291

(/home/nandan/texmf/tex/generic/pgf/systemlayer/pgf.cfg
File: pgf.cfg 2020/01/08 v3.1.5b (3.1.5b)
)
Driver file for pgf: pgfsys-pdftex.def

(/home/nandan/texmf/tex/generic/pgf/systemlayer/pgfsys-pdftex.def
File: pgfsys-pdftex.def 2020/01/08 v3.1.5b (3.1.5b)

(/home/nandan/texmf/tex/generic/pgf/systemlayer/pgfsys-common-pdf.def
File: pgfsys-common-pdf.def 2020/01/08 v3.1.5b (3.1.5b)
)))
(/home/nandan/texmf/tex/generic/pgf/systemlayer/pgfsyssoftpath.code.tex
File: pgfsyssoftpath.code.tex 2020/01/08 v3.1.5b (3.1.5b)
\pgfsyssoftpath@smallbuffer@items=\count292
\pgfsyssoftpath@bigbuffer@items=\count293
)
(/home/nandan/texmf/tex/generic/pgf/systemlayer/pgfsysprotocol.code.tex
File: pgfsysprotocol.code.tex 2020/01/08 v3.1.5b (3.1.5b)
))
(/usr/local/texlive/2023/texmf-dist/tex/latex/xcolor/xcolor.sty
Package: xcolor 2023/11/15 v3.01 LaTeX color extensions (UK)

(/usr/local/texlive/2023/texmf-dist/tex/latex/graphics-cfg/color.cfg
File: color.cfg 2016/01/02 v1.6 sample color configuration
)
Package xcolor Info: Driver file: pdftex.def on input line 274.

(/usr/local/texlive/2023/texmf-dist/tex/latex/graphics/mathcolor.ltx)
Package xcolor Info: Model `cmy' substituted by `cmy0' on input line 1350.
Package xcolor Info: Model `hsb' substituted by `rgb' on input line 1354.
Package xcolor Info: Model `RGB' extended on input line 1366.
Package xcolor Info: Model `HTML' substituted by `rgb' on input line 1368.
Package xcolor Info: Model `Hsb' substituted by `hsb' on input line 1369.
Package xcolor Info: Model `tHsb' substituted by `hsb' on input line 1370.
Package xcolor Info: Model `HSB' substituted by `hsb' on input line 1371.
Package xcolor Info: Model `Gray' substituted by `gray' on input line 1372.
Package xcolor Info: Model `wave' substituted by `hsb' on input line 1373.
)
(/home/nandan/texmf/tex/generic/pgf/basiclayer/pgfcore.code.tex
Package: pgfcore 2020/01/08 v3.1.5b (3.1.5b)

(/home/nandan/texmf/tex/generic/pgf/math/pgfmath.code.tex)
(/home/nandan/texmf/tex/generic/pgf/math/pgfint.code.tex)
(/home/nandan/texmf/tex/generic/pgf/basiclayer/pgfcorepoints.code.tex
File: pgfcorepoints.code.tex 2020/01/08 v3.1.5b (3.1.5b)
\pgf@picminx=\dimen187
\pgf@picmaxx=\dimen188
\pgf@picminy=\dimen189
\pgf@picmaxy=\dimen190
\pgf@pathminx=\dimen191
\pgf@pathmaxx=\dimen192
\pgf@pathminy=\dimen193
\pgf@pathmaxy=\dimen194
\pgf@xx=\dimen195
\pgf@xy=\dimen196
\pgf@yx=\dimen197
\pgf@yy=\dimen198
\pgf@zx=\dimen199
\pgf@zy=\dimen256
)
(/home/nandan/texmf/tex/generic/pgf/basiclayer/pgfcorepathconstruct.code.tex
File: pgfcorepathconstruct.code.tex 2020/01/08 v3.1.5b (3.1.5b)
\pgf@path@lastx=\dimen257
\pgf@path@lasty=\dimen258
)
(/home/nandan/texmf/tex/generic/pgf/basiclayer/pgfcorepathusage.code.tex
File: pgfcorepathusage.code.tex 2020/01/08 v3.1.5b (3.1.5b)
\pgf@shorten@end@additional=\dimen259
\pgf@shorten@start@additional=\dimen260
)
(/home/nandan/texmf/tex/generic/pgf/basiclayer/pgfcorescopes.code.tex
File: pgfcorescopes.code.tex 2020/01/08 v3.1.5b (3.1.5b)
\pgfpic=\box62
\pgf@hbox=\box63
\pgf@layerbox@main=\box64
\pgf@picture@serial@count=\count294
)
(/home/nandan/texmf/tex/generic/pgf/basiclayer/pgfcoregraphicstate.code.tex
File: pgfcoregraphicstate.code.tex 2020/01/08 v3.1.5b (3.1.5b)
\pgflinewidth=\dimen261
)
(/home/nandan/texmf/tex/generic/pgf/basiclayer/pgfcoretransformations.code.tex
File: pgfcoretransformations.code.tex 2020/01/08 v3.1.5b (3.1.5b)
\pgf@pt@x=\dimen262
\pgf@pt@y=\dimen263
\pgf@pt@temp=\dimen264
) (/home/nandan/texmf/tex/generic/pgf/basiclayer/pgfcorequick.code.tex
File: pgfcorequick.code.tex 2020/01/08 v3.1.5b (3.1.5b)
)
(/home/nandan/texmf/tex/generic/pgf/basiclayer/pgfcoreobjects.code.tex
File: pgfcoreobjects.code.tex 2020/01/08 v3.1.5b (3.1.5b)
)
(/home/nandan/texmf/tex/generic/pgf/basiclayer/pgfcorepathprocessing.code.tex
File: pgfcorepathprocessing.code.tex 2020/01/08 v3.1.5b (3.1.5b)
)
(/home/nandan/texmf/tex/generic/pgf/basiclayer/pgfcorearrows.code.tex
File: pgfcorearrows.code.tex 2020/01/08 v3.1.5b (3.1.5b)
\pgfarrowsep=\dimen265
)
(/home/nandan/texmf/tex/generic/pgf/basiclayer/pgfcoreshade.code.tex
File: pgfcoreshade.code.tex 2020/01/08 v3.1.5b (3.1.5b)
\pgf@max=\dimen266
\pgf@sys@shading@range@num=\count295
\pgf@shadingcount=\count296
)
(/home/nandan/texmf/tex/generic/pgf/basiclayer/pgfcoreimage.code.tex
File: pgfcoreimage.code.tex 2020/01/08 v3.1.5b (3.1.5b)

(/home/nandan/texmf/tex/generic/pgf/basiclayer/pgfcoreexternal.code.tex
File: pgfcoreexternal.code.tex 2020/01/08 v3.1.5b (3.1.5b)
\pgfexternal@startupbox=\box65
))
(/home/nandan/texmf/tex/generic/pgf/basiclayer/pgfcorelayers.code.tex
File: pgfcorelayers.code.tex 2020/01/08 v3.1.5b (3.1.5b)
)
(/home/nandan/texmf/tex/generic/pgf/basiclayer/pgfcoretransparency.code.tex
File: pgfcoretransparency.code.tex 2020/01/08 v3.1.5b (3.1.5b)
)
(/home/nandan/texmf/tex/generic/pgf/basiclayer/pgfcorepatterns.code.tex
File: pgfcorepatterns.code.tex 2020/01/08 v3.1.5b (3.1.5b)
)
(/home/nandan/texmf/tex/generic/pgf/basiclayer/pgfcorerdf.code.tex
File: pgfcorerdf.code.tex 2020/01/08 v3.1.5b (3.1.5b)
)))
(/home/nandan/texmf/tex/latex/pgf/utilities/xxcolor.sty
Package: xxcolor 2003/10/24 ver 0.1
\XC@nummixins=\count297
\XC@countmixins=\count298
)
(/usr/local/texlive/2023/texmf-dist/tex/latex/base/atbegshi-ltx.sty
Package: atbegshi-ltx 2021/01/10 v1.0c Emulation of the original atbegshi
package with kernel methods
)
(/usr/local/texlive/2023/texmf-dist/tex/latex/hyperref/hyperref.sty
Package: hyperref 2023-11-09 v7.01f Hypertext links for LaTeX

(/usr/local/texlive/2023/texmf-dist/tex/generic/ltxcmds/ltxcmds.sty
Package: ltxcmds 2020-05-10 v1.25 LaTeX kernel commands for general use (HO)
)
(/usr/local/texlive/2023/texmf-dist/tex/generic/pdftexcmds/pdftexcmds.sty
Package: pdftexcmds 2020-06-27 v0.33 Utility functions of pdfTeX for LuaTeX (HO
)

(/usr/local/texlive/2023/texmf-dist/tex/generic/infwarerr/infwarerr.sty
Package: infwarerr 2019/12/03 v1.5 Providing info/warning/error messages (HO)
)
Package pdftexcmds Info: \pdf@primitive is available.
Package pdftexcmds Info: \pdf@ifprimitive is available.
Package pdftexcmds Info: \pdfdraftmode found.
)
(/usr/local/texlive/2023/texmf-dist/tex/latex/kvsetkeys/kvsetkeys.sty
Package: kvsetkeys 2022-10-05 v1.19 Key value parser (HO)
)
(/usr/local/texlive/2023/texmf-dist/tex/generic/kvdefinekeys/kvdefinekeys.sty
Package: kvdefinekeys 2019-12-19 v1.6 Define keys (HO)
)
(/usr/local/texlive/2023/texmf-dist/tex/generic/pdfescape/pdfescape.sty
Package: pdfescape 2019/12/09 v1.15 Implements pdfTeX's escape features (HO)
)
(/usr/local/texlive/2023/texmf-dist/tex/latex/hycolor/hycolor.sty
Package: hycolor 2020-01-27 v1.10 Color options for hyperref/bookmark (HO)
)
(/usr/local/texlive/2023/texmf-dist/tex/latex/letltxmacro/letltxmacro.sty
Package: letltxmacro 2019/12/03 v1.6 Let assignment for LaTeX macros (HO)
)
(/usr/local/texlive/2023/texmf-dist/tex/latex/auxhook/auxhook.sty
Package: auxhook 2019-12-17 v1.6 Hooks for auxiliary files (HO)
)
(/usr/local/texlive/2023/texmf-dist/tex/latex/hyperref/nameref.sty
Package: nameref 2023-11-09 v2.55 Cross-referencing by name of section

(/usr/local/texlive/2023/texmf-dist/tex/latex/refcount/refcount.sty
Package: refcount 2019/12/15 v3.6 Data extraction from label references (HO)
)
(/usr/local/texlive/2023/texmf-dist/tex/generic/gettitlestring/gettitlestring.s
ty
Package: gettitlestring 2019/12/15 v1.6 Cleanup title references (HO)
 (/usr/local/texlive/2023/texmf-dist/tex/latex/kvoptions/kvoptions.sty
Package: kvoptions 2022-06-15 v3.15 Key value format for package options (HO)
))
\c@section@level=\count299
)
\@linkdim=\dimen267
\Hy@linkcounter=\count300
\Hy@pagecounter=\count301

(/usr/local/texlive/2023/texmf-dist/tex/latex/hyperref/pd1enc.def
File: pd1enc.def 2023-11-09 v7.01f Hyperref: PDFDocEncoding definition (HO)
Now handling font encoding PD1 ...
... no UTF-8 mapping file for font encoding PD1
)
(/usr/local/texlive/2023/texmf-dist/tex/generic/intcalc/intcalc.sty
Package: intcalc 2019/12/15 v1.3 Expandable calculations with integers (HO)
)
\Hy@SavedSpaceFactor=\count302

(/usr/local/texlive/2023/texmf-dist/tex/latex/hyperref/puenc.def
File: puenc.def 2023-11-09 v7.01f Hyperref: PDF Unicode definition (HO)
Now handling font encoding PU ...
... no UTF-8 mapping file for font encoding PU
)
Package hyperref Info: Option `bookmarks' set `true' on input line 4054.
Package hyperref Info: Option `bookmarksopen' set `true' on input line 4054.
Package hyperref Info: Option `implicit' set `false' on input line 4054.
Package hyperref Info: Hyper figures OFF on input line 4171.
Package hyperref Info: Link nesting OFF on input line 4176.
Package hyperref Info: Hyper index ON on input line 4179.
Package hyperref Info: Plain pages OFF on input line 4186.
Package hyperref Info: Backreferencing OFF on input line 4191.
Package hyperref Info: Implicit mode OFF; no redefinition of LaTeX internals.
Package hyperref Info: Bookmarks ON on input line 4438.
\c@Hy@tempcnt=\count303

(/usr/local/texlive/2023/texmf-dist/tex/latex/url/url.sty
\Urlmuskip=\muskip16
Package: url 2013/09/16  ver 3.4  Verb mode for urls, etc.
)
LaTeX Info: Redefining \url on input line 4776.
\XeTeXLinkMargin=\dimen268

(/usr/local/texlive/2023/texmf-dist/tex/generic/bitset/bitset.sty
Package: bitset 2019/12/09 v1.3 Handle bit-vector datatype (HO)

(/usr/local/texlive/2023/texmf-dist/tex/generic/bigintcalc/bigintcalc.sty
Package: bigintcalc 2019/12/15 v1.5 Expandable calculations on big integers (HO
)
))
\Fld@menulength=\count304
\Field@Width=\dimen269
\Fld@charsize=\dimen270
Package hyperref Info: Hyper figures OFF on input line 6055.
Package hyperref Info: Link nesting OFF on input line 6060.
Package hyperref Info: Hyper index ON on input line 6063.
Package hyperref Info: backreferencing OFF on input line 6070.
Package hyperref Info: Link coloring OFF on input line 6075.
Package hyperref Info: Link coloring with OCG OFF on input line 6080.
Package hyperref Info: PDF/A mode OFF on input line 6085.
\Hy@abspage=\count305


Package hyperref Message: Stopped early.

)
Package hyperref Info: Driver (autodetected): hpdftex.
 (/usr/local/texlive/2023/texmf-dist/tex/latex/hyperref/hpdftex.def
File: hpdftex.def 2023-11-09 v7.01f Hyperref driver for pdfTeX

(/usr/local/texlive/2023/texmf-dist/tex/latex/base/atveryend-ltx.sty
Package: atveryend-ltx 2020/08/19 v1.0a Emulation of the original atveryend pac
kage
with kernel methods
)
\Fld@listcount=\count306
\c@bookmark@seq@number=\count307

(/usr/local/texlive/2023/texmf-dist/tex/latex/rerunfilecheck/rerunfilecheck.sty
Package: rerunfilecheck 2022-07-10 v1.10 Rerun checks for auxiliary files (HO)

(/usr/local/texlive/2023/texmf-dist/tex/generic/uniquecounter/uniquecounter.sty
Package: uniquecounter 2019/12/15 v1.4 Provide unlimited unique counter (HO)
)
Package uniquecounter Info: New unique counter `rerunfilecheck' on input line 2
85.
)) (/usr/local/texlive/2023/texmf-dist/tex/latex/beamer/beamerbaserequires.sty
(/usr/local/texlive/2023/texmf-dist/tex/latex/beamer/beamerbasecompatibility.st
y) (/usr/local/texlive/2023/texmf-dist/tex/latex/beamer/beamerbasefont.sty
(/usr/local/texlive/2023/texmf-dist/tex/latex/amsfonts/amssymb.sty
Package: amssymb 2013/01/14 v3.01 AMS font symbols

(/usr/local/texlive/2023/texmf-dist/tex/latex/amsfonts/amsfonts.sty
Package: amsfonts 2013/01/14 v3.01 Basic AMSFonts support
\@emptytoks=\toks29
\symAMSa=\mathgroup4
\symAMSb=\mathgroup5
LaTeX Font Info:    Redeclaring math symbol \hbar on input line 98.
LaTeX Font Info:    Overwriting math alphabet `\mathfrak' in version `bold'
(Font)                  U/euf/m/n --> U/euf/b/n on input line 106.
))
(/usr/local/texlive/2023/texmf-dist/tex/latex/sansmathaccent/sansmathaccent.sty
Package: sansmathaccent 2020/01/31
(/usr/local/texlive/2023/texmf-dist/tex/latex/koma-script/scrlfile.sty
Package: scrlfile 2023/07/07 v3.41 KOMA-Script package (file load hooks)

(/usr/local/texlive/2023/texmf-dist/tex/latex/koma-script/scrlfile-hook.sty
Package: scrlfile-hook 2023/07/07 v3.41 KOMA-Script package (using LaTeX hooks)


(/usr/local/texlive/2023/texmf-dist/tex/latex/koma-script/scrlogo.sty
Package: scrlogo 2023/07/07 v3.41 KOMA-Script package (logo)
)))))
(/usr/local/texlive/2023/texmf-dist/tex/latex/beamer/beamerbasetranslator.sty
(/usr/local/texlive/2023/texmf-dist/tex/latex/translator/translator.sty
Package: translator 2021-05-31 v1.12d Easy translation of strings in LaTeX
))
(/usr/local/texlive/2023/texmf-dist/tex/latex/beamer/beamerbasemisc.sty)
(/usr/local/texlive/2023/texmf-dist/tex/latex/beamer/beamerbasetwoscreens.sty)
(/usr/local/texlive/2023/texmf-dist/tex/latex/beamer/beamerbaseoverlay.sty
\beamer@argscount=\count308
\beamer@lastskipcover=\skip51
\beamer@trivlistdepth=\count309
)
(/usr/local/texlive/2023/texmf-dist/tex/latex/beamer/beamerbasetitle.sty)
(/usr/local/texlive/2023/texmf-dist/tex/latex/beamer/beamerbasesection.sty
\c@lecture=\count310
\c@part=\count311
\c@section=\count312
\c@subsection=\count313
\c@subsubsection=\count314
)
(/usr/local/texlive/2023/texmf-dist/tex/latex/beamer/beamerbaseframe.sty
\beamer@framebox=\box66
\beamer@frametitlebox=\box67
\beamer@zoombox=\box68
\beamer@zoomcount=\count315
\beamer@zoomframecount=\count316
\beamer@frametextheight=\dimen271
\c@subsectionslide=\count317
\beamer@frametopskip=\skip52
\beamer@framebottomskip=\skip53
\beamer@frametopskipautobreak=\skip54
\beamer@framebottomskipautobreak=\skip55
\beamer@envbody=\toks30
\framewidth=\dimen272
\c@framenumber=\count318
)
(/usr/local/texlive/2023/texmf-dist/tex/latex/beamer/beamerbaseverbatim.sty
\beamer@verbatimfileout=\write4
)
(/usr/local/texlive/2023/texmf-dist/tex/latex/beamer/beamerbaseframesize.sty
\beamer@splitbox=\box69
\beamer@autobreakcount=\count319
\beamer@autobreaklastheight=\dimen273
\beamer@frametitletoks=\toks31
\beamer@framesubtitletoks=\toks32
)
(/usr/local/texlive/2023/texmf-dist/tex/latex/beamer/beamerbaseframecomponents.
sty
\beamer@footins=\box70
) (/usr/local/texlive/2023/texmf-dist/tex/latex/beamer/beamerbasecolor.sty)
(/usr/local/texlive/2023/texmf-dist/tex/latex/beamer/beamerbasenotes.sty
\beamer@frameboxcopy=\box71
)
(/usr/local/texlive/2023/texmf-dist/tex/latex/beamer/beamerbasetoc.sty)
(/usr/local/texlive/2023/texmf-dist/tex/latex/beamer/beamerbasetemplates.sty
\beamer@sbttoks=\toks33

(/usr/local/texlive/2023/texmf-dist/tex/latex/beamer/beamerbaseauxtemplates.sty
(/usr/local/texlive/2023/texmf-dist/tex/latex/beamer/beamerbaseboxes.sty
\bmb@box=\box72
\bmb@colorbox=\box73
\bmb@boxwidth=\dimen274
\bmb@boxheight=\dimen275
\bmb@prevheight=\dimen276
\bmb@temp=\dimen277
\bmb@dima=\dimen278
\bmb@dimb=\dimen279
\bmb@prevheight=\dimen280
)
\beamer@blockheadheight=\dimen281
))
(/usr/local/texlive/2023/texmf-dist/tex/latex/beamer/beamerbaselocalstructure.s
ty (/usr/local/texlive/2023/texmf-dist/tex/latex/tools/enumerate.sty
Package: enumerate 2023/07/04 v3.00 enumerate extensions (DPC)
\@enLab=\toks34
)
\beamer@bibiconwidth=\skip56
\c@figure=\count320
\c@table=\count321
\abovecaptionskip=\skip57
\belowcaptionskip=\skip58
)
(/usr/local/texlive/2023/texmf-dist/tex/latex/beamer/beamerbasenavigation.sty
(/usr/local/texlive/2023/texmf-dist/tex/latex/beamer/beamerbasenavigationsymbol
s.tex)
\beamer@section@min@dim=\dimen282
)
(/usr/local/texlive/2023/texmf-dist/tex/latex/beamer/beamerbasetheorems.sty
(/usr/local/texlive/2023/texmf-dist/tex/latex/amsmath/amsmath.sty
Package: amsmath 2023/05/13 v2.17o AMS math features
\@mathmargin=\skip59

For additional information on amsmath, use the `?' option.
(/usr/local/texlive/2023/texmf-dist/tex/latex/amsmath/amstext.sty
Package: amstext 2021/08/26 v2.01 AMS text

(/usr/local/texlive/2023/texmf-dist/tex/latex/amsmath/amsgen.sty
File: amsgen.sty 1999/11/30 v2.0 generic functions
\@emptytoks=\toks35
\ex@=\dimen283
))
(/usr/local/texlive/2023/texmf-dist/tex/latex/amsmath/amsbsy.sty
Package: amsbsy 1999/11/29 v1.2d Bold Symbols
\pmbraise@=\dimen284
)
(/usr/local/texlive/2023/texmf-dist/tex/latex/amsmath/amsopn.sty
Package: amsopn 2022/04/08 v2.04 operator names
)
\inf@bad=\count322
LaTeX Info: Redefining \frac on input line 234.
\uproot@=\count323
\leftroot@=\count324
LaTeX Info: Redefining \overline on input line 399.
LaTeX Info: Redefining \colon on input line 410.
\classnum@=\count325
\DOTSCASE@=\count326
LaTeX Info: Redefining \ldots on input line 496.
LaTeX Info: Redefining \dots on input line 499.
LaTeX Info: Redefining \cdots on input line 620.
\Mathstrutbox@=\box74
\strutbox@=\box75
LaTeX Info: Redefining \big on input line 722.
LaTeX Info: Redefining \Big on input line 723.
LaTeX Info: Redefining \bigg on input line 724.
LaTeX Info: Redefining \Bigg on input line 725.
\big@size=\dimen285
LaTeX Font Info:    Redeclaring font encoding OML on input line 743.
LaTeX Font Info:    Redeclaring font encoding OMS on input line 744.
\macc@depth=\count327
LaTeX Info: Redefining \bmod on input line 905.
LaTeX Info: Redefining \pmod on input line 910.
LaTeX Info: Redefining \smash on input line 940.
LaTeX Info: Redefining \relbar on input line 970.
LaTeX Info: Redefining \Relbar on input line 971.
\c@MaxMatrixCols=\count328
\dotsspace@=\muskip17
\c@parentequation=\count329
\dspbrk@lvl=\count330
\tag@help=\toks36
\row@=\count331
\column@=\count332
\maxfields@=\count333
\andhelp@=\toks37
\eqnshift@=\dimen286
\alignsep@=\dimen287
\tagshift@=\dimen288
\tagwidth@=\dimen289
\totwidth@=\dimen290
\lineht@=\dimen291
\@envbody=\toks38
\multlinegap=\skip60
\multlinetaggap=\skip61
\mathdisplay@stack=\toks39
LaTeX Info: Redefining \[ on input line 2953.
LaTeX Info: Redefining \] on input line 2954.
)
(/usr/local/texlive/2023/texmf-dist/tex/latex/amscls/amsthm.sty
Package: amsthm 2020/05/29 v2.20.6
\thm@style=\toks40
\thm@bodyfont=\toks41
\thm@headfont=\toks42
\thm@notefont=\toks43
\thm@headpunct=\toks44
\thm@preskip=\skip62
\thm@postskip=\skip63
\thm@headsep=\skip64
\dth@everypar=\toks45
)
\c@theorem=\count334
)
(/usr/local/texlive/2023/texmf-dist/tex/latex/beamer/beamerbasethemes.sty))
(/usr/local/texlive/2023/texmf-dist/tex/latex/beamer/beamerthemedefault.sty
(/usr/local/texlive/2023/texmf-dist/tex/latex/beamer/beamerfontthemedefault.sty
)
(/usr/local/texlive/2023/texmf-dist/tex/latex/beamer/beamercolorthemedefault.st
y)
(/usr/local/texlive/2023/texmf-dist/tex/latex/beamer/beamerinnerthemedefault.st
y
\beamer@dima=\dimen292
\beamer@dimb=\dimen293
)
(/usr/local/texlive/2023/texmf-dist/tex/latex/beamer/beamerouterthemedefault.st
y)))
(/home/nandan/texmf/tex/latex/beamertheme-metropolis/beamerthememetropolis.sty
Package: beamerthememetropolis 2017/01/23 v1.2 Metropolis Beamer theme

(/home/nandan/texmf/tex/latex/pgfopts/pgfopts.sty
Package: pgfopts 2014/07/10 v2.1a LaTeX package options with pgfkeys
\pgfopts@list@add@a@toks=\toks46
\pgfopts@list@add@b@toks=\toks47
)
(/home/nandan/texmf/tex/latex/beamertheme-metropolis/beamerinnerthememetropolis
.sty
Package: beamerinnerthememetropolis 2017/01/23 Metropolis inner theme
 (/usr/local/texlive/2023/texmf-dist/tex/latex/tools/calc.sty
Package: calc 2023/07/08 v4.3 Infix arithmetic (KKT,FJ)
\calc@Acount=\count335
\calc@Bcount=\count336
\calc@Adimen=\dimen294
\calc@Bdimen=\dimen295
\calc@Askip=\skip65
\calc@Bskip=\skip66
LaTeX Info: Redefining \setlength on input line 80.
LaTeX Info: Redefining \addtolength on input line 81.
\calc@Ccount=\count337
\calc@Cskip=\skip67
)
(/home/nandan/texmf/tex/latex/pgf/frontendlayer/tikz.sty
(/home/nandan/texmf/tex/latex/pgf/basiclayer/pgf.sty
Package: pgf 2020/01/08 v3.1.5b (3.1.5b)

(/home/nandan/texmf/tex/generic/pgf/modules/pgfmoduleshapes.code.tex
File: pgfmoduleshapes.code.tex 2020/01/08 v3.1.5b (3.1.5b)
\pgfnodeparttextbox=\box76
)
(/home/nandan/texmf/tex/generic/pgf/modules/pgfmoduleplot.code.tex
File: pgfmoduleplot.code.tex 2020/01/08 v3.1.5b (3.1.5b)
)
(/home/nandan/texmf/tex/latex/pgf/compatibility/pgfcomp-version-0-65.sty
Package: pgfcomp-version-0-65 2020/01/08 v3.1.5b (3.1.5b)
\pgf@nodesepstart=\dimen296
\pgf@nodesepend=\dimen297
)
(/home/nandan/texmf/tex/latex/pgf/compatibility/pgfcomp-version-1-18.sty
Package: pgfcomp-version-1-18 2020/01/08 v3.1.5b (3.1.5b)
))
(/home/nandan/texmf/tex/latex/pgf/utilities/pgffor.sty
(/home/nandan/texmf/tex/generic/pgf/utilities/pgffor.code.tex
Package: pgffor 2020/01/08 v3.1.5b (3.1.5b)

(/home/nandan/texmf/tex/generic/pgf/math/pgfmath.code.tex)
\pgffor@iter=\dimen298
\pgffor@skip=\dimen299
\pgffor@stack=\toks48
\pgffor@toks=\toks49
))
(/home/nandan/texmf/tex/generic/pgf/frontendlayer/tikz/tikz.code.tex
Package: tikz 2020/01/08 v3.1.5b (3.1.5b)

(/home/nandan/texmf/tex/generic/pgf/libraries/pgflibraryplothandlers.code.tex
File: pgflibraryplothandlers.code.tex 2020/01/08 v3.1.5b (3.1.5b)
\pgf@plot@mark@count=\count338
\pgfplotmarksize=\dimen300
)
\tikz@lastx=\dimen301
\tikz@lasty=\dimen302
\tikz@lastxsaved=\dimen303
\tikz@lastysaved=\dimen304
\tikz@lastmovetox=\dimen305
\tikz@lastmovetoy=\dimen306
\tikzleveldistance=\dimen307
\tikzsiblingdistance=\dimen308
\tikz@figbox=\box77
\tikz@figbox@bg=\box78
\tikz@tempbox=\box79
\tikz@tempbox@bg=\box80
\tikztreelevel=\count339
\tikznumberofchildren=\count340
\tikznumberofcurrentchild=\count341
\tikz@fig@count=\count342

(/home/nandan/texmf/tex/generic/pgf/modules/pgfmodulematrix.code.tex
File: pgfmodulematrix.code.tex 2020/01/08 v3.1.5b (3.1.5b)
\pgfmatrixcurrentrow=\count343
\pgfmatrixcurrentcolumn=\count344
\pgf@matrix@numberofcolumns=\count345
)
\tikz@expandcount=\count346

(/home/nandan/texmf/tex/generic/pgf/frontendlayer/tikz/libraries/tikzlibrarytop
aths.code.tex
File: tikzlibrarytopaths.code.tex 2020/01/08 v3.1.5b (3.1.5b)
)))
\metropolis@titleseparator@linewidth=\skip68
\metropolis@progressonsectionpage=\skip69
\metropolis@progressonsectionpage@linewidth=\skip70
\metropolis@blocksep=\skip71
\metropolis@blockadjust=\skip72
\metropolis@parskip=\skip73
)
(/home/nandan/texmf/tex/latex/beamertheme-metropolis/beamerouterthememetropolis
.sty
Package: beamerouterthememetropolis 2017/01/23 Metropolis outer theme
\metropolis@frametitle@padding=\skip74
\metropolis@progressinheadfoot=\skip75
\metropolis@progressinheadfoot@linewidth=\skip76
)
(/home/nandan/texmf/tex/latex/beamertheme-metropolis/beamercolorthememetropolis
.sty
Package: beamercolorthememetropolis 2017/01/23 Metropolis color theme
)
(/home/nandan/texmf/tex/latex/beamertheme-metropolis/beamerfontthememetropolis.
sty
Package: beamerfontthememetropolis 2017/01/23 Metropolis font theme
 (/usr/local/texlive/2023/texmf-dist/tex/generic/iftex/ifxetex.sty
Package: ifxetex 2019/10/25 v0.7 ifxetex legacy package. Use iftex instead.
)
(/usr/local/texlive/2023/texmf-dist/tex/generic/iftex/ifluatex.sty
Package: ifluatex 2019/10/25 v1.5 ifluatex legacy package. Use iftex instead.
)

Package beamerthememetropolis Warning: You need to compile with XeLaTeX or LuaL
aTeX to use the Fira fonts on input line 95.

)) (/home/nandan/texmf/tex/latex/appendixnumberbeamer/appendixnumberbeamer.sty)
(/usr/local/texlive/2023/texmf-dist/tex/latex/caption/caption.sty
Package: caption 2023/08/05 v3.6o Customizing captions (AR)

(/usr/local/texlive/2023/texmf-dist/tex/latex/caption/caption3.sty
Package: caption3 2023/07/31 v2.4d caption3 kernel (AR)
\caption@tempdima=\dimen309
\captionmargin=\dimen310
\caption@leftmargin=\dimen311
\caption@rightmargin=\dimen312
\caption@width=\dimen313
\caption@indent=\dimen314
\caption@parindent=\dimen315
\caption@hangindent=\dimen316
Package caption Info: beamer document class detected.

(/usr/local/texlive/2023/texmf-dist/tex/latex/caption/caption-beamer.sto
File: caption-beamer.sto 2022/01/06 v2.0c Adaption of the caption package to th
e beamer document classes (AR)
))
\c@caption@flags=\count347
\c@continuedfloat=\count348
Package caption Info: hyperref package is loaded.
Package caption Info: Hyperref support is turned off
(caption)             because hyperref has stopped early.
)
(/usr/local/texlive/2023/texmf-dist/tex/latex/caption/subcaption.sty
Package: subcaption 2023/07/28 v1.6b Sub-captions (AR)
Package caption Info: New subtype `subfigure' on input line 238.
\c@subfigure=\count349
Package caption Info: New subtype `subtable' on input line 238.
\c@subtable=\count350
)
(/usr/local/texlive/2023/texmf-dist/tex/latex/biblatex/biblatex.sty
Package: biblatex 2023/03/05 v3.19 programmable bibliographies (PK/MW)

(/usr/local/texlive/2023/texmf-dist/tex/latex/logreq/logreq.sty
Package: logreq 2010/08/04 v1.0 xml request logger
\lrq@indent=\count351

(/usr/local/texlive/2023/texmf-dist/tex/latex/logreq/logreq.def
File: logreq.def 2010/08/04 v1.0 logreq spec v1.0
))
(/usr/local/texlive/2023/texmf-dist/tex/latex/base/ifthen.sty
Package: ifthen 2022/04/13 v1.1d Standard LaTeX ifthen package (DPC)
)
\c@tabx@nest=\count352
\c@listtotal=\count353
\c@listcount=\count354
\c@liststart=\count355
\c@liststop=\count356
\c@citecount=\count357
\c@citetotal=\count358
\c@multicitecount=\count359
\c@multicitetotal=\count360
\c@instcount=\count361
\c@maxnames=\count362
\c@minnames=\count363
\c@maxitems=\count364
\c@minitems=\count365
\c@citecounter=\count366
\c@maxcitecounter=\count367
\c@savedcitecounter=\count368
\c@uniquelist=\count369
\c@uniquename=\count370
\c@refsection=\count371
\c@refsegment=\count372
\c@maxextratitle=\count373
\c@maxextratitleyear=\count374
\c@maxextraname=\count375
\c@maxextradate=\count376
\c@maxextraalpha=\count377
\c@abbrvpenalty=\count378
\c@highnamepenalty=\count379
\c@lownamepenalty=\count380
\c@maxparens=\count381
\c@parenlevel=\count382
\blx@tempcnta=\count383
\blx@tempcntb=\count384
\blx@tempcntc=\count385
\c@blx@maxsection=\count386
\blx@maxsegment@0=\count387
\blx@notetype=\count388
\blx@parenlevel@text=\count389
\blx@parenlevel@foot=\count390
\blx@sectionciteorder@0=\count391
\blx@sectionciteorderinternal@0=\count392
\blx@entrysetcounter=\count393
\blx@biblioinstance=\count394
\labelnumberwidth=\skip77
\labelalphawidth=\skip78
\biblabelsep=\skip79
\bibitemsep=\skip80
\bibnamesep=\skip81
\bibinitsep=\skip82
\bibparsep=\skip83
\bibhang=\skip84
\blx@bcfin=\read3
\blx@bcfout=\write5
\blx@langwohyphens=\language89
\c@mincomprange=\count395
\c@maxcomprange=\count396
\c@mincompwidth=\count397
Package biblatex Info: Trying to load biblatex default data model...
Package biblatex Info: ... file 'blx-dm.def' found.

(/usr/local/texlive/2023/texmf-dist/tex/latex/biblatex/blx-dm.def
File: blx-dm.def 2023/03/05 v3.19 biblatex localization (PK/MW)
)
Package biblatex Info: Trying to load biblatex citestyle data model...
Package biblatex Info: ... file 'authoryear.dbx' not found.
Package biblatex Info: Trying to load biblatex custom data model...
Package biblatex Info: ... file 'biblatex-dm.cfg' not found.
\c@afterword=\count398
\c@savedafterword=\count399
\c@annotator=\count400
\c@savedannotator=\count401
\c@author=\count402
\c@savedauthor=\count403
\c@bookauthor=\count404
\c@savedbookauthor=\count405
\c@commentator=\count406
\c@savedcommentator=\count407
\c@editor=\count408
\c@savededitor=\count409
\c@editora=\count410
\c@savededitora=\count411
\c@editorb=\count412
\c@savededitorb=\count413
\c@editorc=\count414
\c@savededitorc=\count415
\c@foreword=\count416
\c@savedforeword=\count417
\c@holder=\count418
\c@savedholder=\count419
\c@introduction=\count420
\c@savedintroduction=\count421
\c@namea=\count422
\c@savednamea=\count423
\c@nameb=\count424
\c@savednameb=\count425
\c@namec=\count426
\c@savednamec=\count427
\c@translator=\count428
\c@savedtranslator=\count429
\c@shortauthor=\count430
\c@savedshortauthor=\count431
\c@shorteditor=\count432
\c@savedshorteditor=\count433
\c@labelname=\count434
\c@savedlabelname=\count435
\c@institution=\count436
\c@savedinstitution=\count437
\c@lista=\count438
\c@savedlista=\count439
\c@listb=\count440
\c@savedlistb=\count441
\c@listc=\count442
\c@savedlistc=\count443
\c@listd=\count444
\c@savedlistd=\count445
\c@liste=\count446
\c@savedliste=\count447
\c@listf=\count448
\c@savedlistf=\count449
\c@location=\count450
\c@savedlocation=\count451
\c@organization=\count452
\c@savedorganization=\count453
\c@origlocation=\count454
\c@savedoriglocation=\count455
\c@origpublisher=\count456
\c@savedorigpublisher=\count457
\c@publisher=\count458
\c@savedpublisher=\count459
\c@language=\count460
\c@savedlanguage=\count461
\c@origlanguage=\count462
\c@savedoriglanguage=\count463
\c@pageref=\count464
\c@savedpageref=\count465
\shorthandwidth=\skip85
\shortjournalwidth=\skip86
\shortserieswidth=\skip87
\shorttitlewidth=\skip88
\shortauthorwidth=\skip89
\shorteditorwidth=\skip90
\locallabelnumberwidth=\skip91
\locallabelalphawidth=\skip92
\localshorthandwidth=\skip93
\localshortjournalwidth=\skip94
\localshortserieswidth=\skip95
\localshorttitlewidth=\skip96
\localshortauthorwidth=\skip97
\localshorteditorwidth=\skip98
Package biblatex Info: Trying to load compatibility code...
Package biblatex Info: ... file 'blx-compat.def' found.

(/usr/local/texlive/2023/texmf-dist/tex/latex/biblatex/blx-compat.def
File: blx-compat.def 2023/03/05 v3.19 biblatex compatibility (PK/MW)
)
Package biblatex Info: Trying to load generic definitions...
Package biblatex Info: ... file 'biblatex.def' found.

(/usr/local/texlive/2023/texmf-dist/tex/latex/biblatex/biblatex.def
File: biblatex.def 2023/03/05 v3.19 biblatex compatibility (PK/MW)
\c@textcitecount=\count466
\c@textcitetotal=\count467
\c@textcitemaxnames=\count468
\c@biburlbigbreakpenalty=\count469
\c@biburlbreakpenalty=\count470
\c@biburlnumpenalty=\count471
\c@biburlucpenalty=\count472
\c@biburllcpenalty=\count473
\biburlbigskip=\muskip18
\biburlnumskip=\muskip19
\biburlucskip=\muskip20
\biburllcskip=\muskip21
\c@smartand=\count474
)
Package biblatex Info: Trying to load bibliography style 'numeric'...
Package biblatex Info: ... file 'numeric.bbx' found.

(/usr/local/texlive/2023/texmf-dist/tex/latex/biblatex/bbx/numeric.bbx
File: numeric.bbx 2023/03/05 v3.19 biblatex bibliography style (PK/MW)
Package biblatex Info: Trying to load bibliography style 'standard'...
Package biblatex Info: ... file 'standard.bbx' found.

(/usr/local/texlive/2023/texmf-dist/tex/latex/biblatex/bbx/standard.bbx
File: standard.bbx 2023/03/05 v3.19 biblatex bibliography style (PK/MW)
\c@bbx:relatedcount=\count475
\c@bbx:relatedtotal=\count476
))
Package biblatex Info: Trying to load citation style 'authoryear'...
Package biblatex Info: ... file 'authoryear.cbx' found.

(/usr/local/texlive/2023/texmf-dist/tex/latex/biblatex/cbx/authoryear.cbx
File: authoryear.cbx 2023/03/05 v3.19 biblatex citation style (PK/MW)
Package biblatex Info: Redefining '\cite'.
Package biblatex Info: Redefining '\parencite'.
Package biblatex Info: Redefining '\footcite'.
Package biblatex Info: Redefining '\footcitetext'.
Package biblatex Info: Redefining '\smartcite'.
Package biblatex Info: Redefining '\textcite'.
Package biblatex Info: Redefining '\textcites'.
)
Package biblatex Info: Trying to load configuration file...
Package biblatex Info: ... file 'biblatex.cfg' found.

(/usr/local/texlive/2023/texmf-dist/tex/latex/biblatex/biblatex.cfg
File: biblatex.cfg 
)
Package biblatex Info: Input encoding 'utf8' detected.
Package biblatex Info: Document encoding is UTF8 ....

(/usr/local/texlive/2023/texmf-dist/tex/latex/l3kernel/expl3.sty
Package: expl3 2023-11-09 L3 programming layer (loader) 

(/usr/local/texlive/2023/texmf-dist/tex/latex/l3backend/l3backend-pdftex.def
File: l3backend-pdftex.def 2023-11-09 L3 backend support: PDF output (pdfTeX)
\l__color_backend_stack_int=\count477
\l__pdf_internal_box=\box81
))
Package biblatex Info: ... and expl3
(biblatex)             2023-11-09 L3 programming layer (loader) 
(biblatex)             is new enough (at least 2020/04/06),
(biblatex)             setting 'casechanger=expl3'.

(/usr/local/texlive/2023/texmf-dist/tex/latex/biblatex/blx-case-expl3.sty
(/usr/local/texlive/2023/texmf-dist/tex/latex/l3packages/xparse/xparse.sty
Package: xparse 2023-10-10 L3 Experimental document command parser
)
Package: blx-case-expl3 2023/03/05 v3.19 expl3 case changing code for biblatex
))
(/usr/local/texlive/2023/texmf-dist/tex/latex/booktabs/booktabs.sty
Package: booktabs 2020/01/12 v1.61803398 Publication quality tables
\heavyrulewidth=\dimen317
\lightrulewidth=\dimen318
\cmidrulewidth=\dimen319
\belowrulesep=\dimen320
\belowbottomsep=\dimen321
\aboverulesep=\dimen322
\abovetopsep=\dimen323
\cmidrulesep=\dimen324
\cmidrulekern=\dimen325
\defaultaddspace=\dimen326
\@cmidla=\count478
\@cmidlb=\count479
\@aboverulesep=\dimen327
\@belowrulesep=\dimen328
\@thisruleclass=\count480
\@lastruleclass=\count481
\@thisrulewidth=\dimen329
)
(/usr/local/texlive/2023/texmf-dist/tex/latex/accents/accents.sty
Package: accents 2006/05/12 v1.4 Math Accent Tools
\cc@skew=\dimen330
\cc@wd=\dimen331
\cc@code=\count482
\cc@group=\count483
\cc@skewchar=\count484
)
(/usr/local/texlive/2023/texmf-dist/tex/latex/stmaryrd/stmaryrd.sty
Package: stmaryrd 1994/03/03 St Mary's Road symbol package
\symstmry=\mathgroup6
LaTeX Font Info:    Overwriting symbol font `stmry' in version `bold'
(Font)                  U/stmry/m/n --> U/stmry/b/n on input line 89.
)
(/home/nandan/texmf/tex/latex/pgfplots/pgfplots.sty
(/home/nandan/texmf/tex/generic/pgfplots/pgfplots.revision.tex)
Package: pgfplots 2018/03/28 v1.16 Data Visualization (1.16)

(/home/nandan/texmf/tex/generic/pgfplots/pgfplots.code.tex
(/home/nandan/texmf/tex/generic/pgfplots/pgfplotscore.code.tex
\t@pgfplots@toka=\toks50
\t@pgfplots@tokb=\toks51
\t@pgfplots@tokc=\toks52
\pgfplots@tmpa=\dimen332
\c@pgfplots@coordindex=\count485
\c@pgfplots@scanlineindex=\count486

(/home/nandan/texmf/tex/generic/pgfplots/sys/pgfplotssysgeneric.code.tex))
(/home/nandan/texmf/tex/generic/pgfplots/libs/pgfplotslibrary.code.tex)
(/home/nandan/texmf/tex/generic/pgfplots/oldpgfcompatib/pgfplotsoldpgfsupp_load
er.code.tex
(/home/nandan/texmf/tex/generic/pgf/libraries/pgflibraryfpu.code.tex))
(/home/nandan/texmf/tex/generic/pgfplots/util/pgfplotsutil.code.tex
(/home/nandan/texmf/tex/generic/pgfplots/liststructure/pgfplotsliststructure.co
de.tex)
(/home/nandan/texmf/tex/generic/pgfplots/liststructure/pgfplotsliststructureext
.code.tex)
(/home/nandan/texmf/tex/generic/pgfplots/liststructure/pgfplotsarray.code.tex
\c@pgfplotsarray@tmp=\count487
)
(/home/nandan/texmf/tex/generic/pgfplots/liststructure/pgfplotsmatrix.code.tex)
(/home/nandan/texmf/tex/generic/pgfplots/numtable/pgfplotstableshared.code.tex
\c@pgfplotstable@counta=\count488
\t@pgfplotstable@a=\toks53
) (/home/nandan/texmf/tex/generic/pgfplots/liststructure/pgfplotsdeque.code.tex
) (/home/nandan/texmf/tex/generic/pgfplots/util/pgfplotsbinary.code.tex
(/home/nandan/texmf/tex/generic/pgfplots/util/pgfplotsbinary.data.code.tex))
(/home/nandan/texmf/tex/generic/pgfplots/util/pgfplotsutil.verb.code.tex)
(/home/nandan/texmf/tex/generic/pgfplots/libs/pgflibrarypgfplots.surfshading.co
de.tex
\c@pgfplotslibrarysurf@no=\count489

(/home/nandan/texmf/tex/generic/pgfplots/sys/pgflibrarypgfplots.surfshading.pgf
sys-pdftex.def)))
(/home/nandan/texmf/tex/generic/pgfplots/util/pgfplotscolormap.code.tex
(/home/nandan/texmf/tex/generic/pgfplots/util/pgfplotscolor.code.tex))
(/home/nandan/texmf/tex/generic/pgfplots/pgfplotsstackedplots.code.tex)
(/home/nandan/texmf/tex/generic/pgfplots/pgfplotsplothandlers.code.tex
(/home/nandan/texmf/tex/generic/pgfplots/pgfplotsmeshplothandler.code.tex
(/home/nandan/texmf/tex/generic/pgfplots/pgfplotsmeshplotimage.code.tex)))
(/home/nandan/texmf/tex/generic/pgfplots/pgfplots.scaling.code.tex)
(/home/nandan/texmf/tex/generic/pgfplots/pgfplotscoordprocessing.code.tex)
(/home/nandan/texmf/tex/generic/pgfplots/pgfplots.errorbars.code.tex)
(/home/nandan/texmf/tex/generic/pgfplots/pgfplots.markers.code.tex)
(/home/nandan/texmf/tex/generic/pgfplots/pgfplotsticks.code.tex)
(/home/nandan/texmf/tex/generic/pgfplots/pgfplots.paths.code.tex)
(/home/nandan/texmf/tex/generic/pgf/frontendlayer/tikz/libraries/tikzlibrarydec
orations.code.tex
(/home/nandan/texmf/tex/generic/pgf/modules/pgfmoduledecorations.code.tex
\pgfdecoratedcompleteddistance=\dimen333
\pgfdecoratedremainingdistance=\dimen334
\pgfdecoratedinputsegmentcompleteddistance=\dimen335
\pgfdecoratedinputsegmentremainingdistance=\dimen336
\pgf@decorate@distancetomove=\dimen337
\pgf@decorate@repeatstate=\count490
\pgfdecorationsegmentamplitude=\dimen338
\pgfdecorationsegmentlength=\dimen339
)
\tikz@lib@dec@box=\box82
)
(/home/nandan/texmf/tex/generic/pgf/frontendlayer/tikz/libraries/tikzlibrarydec
orations.pathmorphing.code.tex
(/home/nandan/texmf/tex/generic/pgf/libraries/decorations/pgflibrarydecorations
.pathmorphing.code.tex))
(/home/nandan/texmf/tex/generic/pgf/frontendlayer/tikz/libraries/tikzlibrarydec
orations.pathreplacing.code.tex
(/home/nandan/texmf/tex/generic/pgf/libraries/decorations/pgflibrarydecorations
.pathreplacing.code.tex))
\pgfplots@numplots=\count491
\pgfplots@xmin@reg=\dimen340
\pgfplots@xmax@reg=\dimen341
\pgfplots@ymin@reg=\dimen342
\pgfplots@ymax@reg=\dimen343
\pgfplots@zmin@reg=\dimen344
\pgfplots@zmax@reg=\dimen345
)
(/home/nandan/texmf/tex/generic/pgf/frontendlayer/tikz/libraries/tikzlibraryplo
tmarks.code.tex
File: tikzlibraryplotmarks.code.tex 2020/01/08 v3.1.5b (3.1.5b)

(/home/nandan/texmf/tex/generic/pgf/libraries/pgflibraryplotmarks.code.tex
File: pgflibraryplotmarks.code.tex 2020/01/08 v3.1.5b (3.1.5b)
)))
(/usr/local/texlive/2023/texmf-dist/tex/latex/tools/tabularx.sty
Package: tabularx 2023/07/08 v2.11c `tabularx' package (DPC)

(/usr/local/texlive/2023/texmf-dist/tex/latex/tools/array.sty
Package: array 2023/10/16 v2.5g Tabular extension package (FMi)
\col@sep=\dimen346
\ar@mcellbox=\box83
\extrarowheight=\dimen347
\NC@list=\toks54
\extratabsurround=\skip99
\backup@length=\skip100
\ar@cellbox=\box84
)
\TX@col@width=\dimen348
\TX@old@table=\dimen349
\TX@old@col=\dimen350
\TX@target=\dimen351
\TX@delta=\dimen352
\TX@cols=\count492
\TX@ftn=\toks55
)

Package array Warning: Column Y is already defined on input line 103.

(/usr/local/texlive/2023/texmf-dist/tex/latex/algorithms/algorithm.sty
Package: algorithm 2009/08/24 v0.1 Document Style `algorithm' - floating enviro
nment

(/usr/local/texlive/2023/texmf-dist/tex/latex/float/float.sty
Package: float 2001/11/08 v1.3d Float enhancements (AL)
\c@float@type=\count493
\float@exts=\toks56
\float@box=\box85
\@float@everytoks=\toks57
\@floatcapt=\box86
)
\@float@every@algorithm=\toks58
\c@algorithm=\count494
)
(/usr/local/texlive/2023/texmf-dist/tex/latex/algorithmicx/algpseudocode.sty
Package: algpseudocode 

(/usr/local/texlive/2023/texmf-dist/tex/latex/algorithmicx/algorithmicx.sty
Package: algorithmicx 2005/04/27 v1.2 Algorithmicx

Document Style algorithmicx 1.2 - a greatly improved `algorithmic' style
\c@ALG@line=\count495
\c@ALG@rem=\count496
\c@ALG@nested=\count497
\ALG@tlm=\skip101
\ALG@thistlm=\skip102
\c@ALG@Lnr=\count498
\c@ALG@blocknr=\count499
\c@ALG@storecount=\count500
\c@ALG@tmpcounter=\count501
\ALG@tmplength=\skip103
)
Document Style - pseudocode environments for use with the `algorithmicx' style
) (/usr/local/texlive/2023/texmf-dist/tex/latex/siunitx/siunitx.sty
Package: siunitx 2023-11-14 v3.3.9 A comprehensive (SI) units package
\l__siunitx_number_uncert_offset_int=\count502
\l__siunitx_number_exponent_fixed_int=\count503
\l__siunitx_number_min_decimal_int=\count504
\l__siunitx_number_min_integer_int=\count505
\l__siunitx_number_round_precision_int=\count506
\l__siunitx_number_lower_threshold_int=\count507
\l__siunitx_number_upper_threshold_int=\count508
\l__siunitx_number_group_first_int=\count509
\l__siunitx_number_group_size_int=\count510
\l__siunitx_number_group_minimum_int=\count511
\l__siunitx_angle_tmp_dim=\dimen353
\l__siunitx_angle_marker_box=\box87
\l__siunitx_angle_unit_box=\box88
\l__siunitx_compound_count_int=\count512

(/usr/local/texlive/2023/texmf-dist/tex/latex/translations/translations.sty
Package: translations 2022/02/05 v1.12 internationalization of LaTeX2e packages
 (CN)
)
\l__siunitx_table_tmp_box=\box89
\l__siunitx_table_tmp_dim=\dimen354
\l__siunitx_table_column_width_dim=\dimen355
\l__siunitx_table_integer_box=\box90
\l__siunitx_table_decimal_box=\box91
\l__siunitx_table_uncert_box=\box92
\l__siunitx_table_before_box=\box93
\l__siunitx_table_after_box=\box94
\l__siunitx_table_before_dim=\dimen356
\l__siunitx_table_carry_dim=\dimen357
\l__siunitx_unit_tmp_int=\count513
\l__siunitx_unit_position_int=\count514
\l__siunitx_unit_total_int=\count515
)

Package siunitx Info: Option "detect-mode" has been deprecated in this
(siunitx)             release.
(siunitx)             
(siunitx)             Use "mode = match" as a replacement.


Package siunitx Info: Option "group-digits = false" has been deprecated in
(siunitx)             this release.
(siunitx)             
(siunitx)             Use "group-digits = none" as a replacement.


Package siunitx Info: Option "input-symbols" has been deprecated in this
(siunitx)             release.
(siunitx)             
(siunitx)             Use "input-digits" as a replacement.


Package siunitx Info: Option "table-align-text-post" has been deprecated in
(siunitx)             this release.
(siunitx)             
(siunitx)             Use "table-align-text-after = false" as a replacement.


(/home/nandan/texmf/tex/latex/beamertheme-metropolis/pgfplotsthemetol.sty
Package: pgfplotsthemetol 2017/01/23 PGFplots colors based on Paul Tol's SRON t
echnical note
)
\@quotelevel=\count516
\@quotereset=\count517
Package translations Info: No language package found. I am going to use `englis
h' as default language. on input line 144.

(./discussion.aux)
\openout1 = `discussion.aux'.

LaTeX Font Info:    Checking defaults for OML/cmm/m/it on input line 144.
LaTeX Font Info:    ... okay on input line 144.
LaTeX Font Info:    Checking defaults for OMS/cmsy/m/n on input line 144.
LaTeX Font Info:    ... okay on input line 144.
LaTeX Font Info:    Checking defaults for OT1/cmr/m/n on input line 144.
LaTeX Font Info:    ... okay on input line 144.
LaTeX Font Info:    Checking defaults for T1/cmr/m/n on input line 144.
LaTeX Font Info:    ... okay on input line 144.
LaTeX Font Info:    Checking defaults for TS1/cmr/m/n on input line 144.
LaTeX Font Info:    ... okay on input line 144.
LaTeX Font Info:    Checking defaults for OMX/cmex/m/n on input line 144.
LaTeX Font Info:    ... okay on input line 144.
LaTeX Font Info:    Checking defaults for U/cmr/m/n on input line 144.
LaTeX Font Info:    ... okay on input line 144.
LaTeX Font Info:    Checking defaults for PD1/pdf/m/n on input line 144.
LaTeX Font Info:    ... okay on input line 144.
LaTeX Font Info:    Checking defaults for PU/pdf/m/n on input line 144.
LaTeX Font Info:    ... okay on input line 144.

*geometry* driver: auto-detecting
*geometry* detected driver: pdftex
*geometry* verbose mode - [ preamble ] result:
* driver: pdftex
* paper: custom
* layout: <same size as paper>
* layoutoffset:(h,v)=(0.0pt,0.0pt)
* modes: includehead includefoot 
* h-part:(L,W,R)=(28.45274pt, 398.3386pt, 28.45274pt)
* v-part:(T,H,B)=(0.0pt, 256.0748pt, 0.0pt)
* \paperwidth=455.24408pt
* \paperheight=256.0748pt
* \textwidth=398.3386pt
* \textheight=227.62207pt
* \oddsidemargin=-43.81725pt
* \evensidemargin=-43.81725pt
* \topmargin=-72.26999pt
* \headheight=14.22636pt
* \headsep=0.0pt
* \topskip=11.0pt
* \footskip=14.22636pt
* \marginparwidth=4.0pt
* \marginparsep=10.0pt
* \columnsep=10.0pt
* \skip\footins=10.0pt plus 4.0pt minus 2.0pt
* \hoffset=0.0pt
* \voffset=0.0pt
* \mag=1000
* \@twocolumnfalse
* \@twosidefalse
* \@mparswitchfalse
* \@reversemarginfalse
* (1in=72.27pt=25.4mm, 1cm=28.453pt)

(/usr/local/texlive/2023/texmf-dist/tex/context/base/mkii/supp-pdf.mkii
[Loading MPS to PDF converter (version 2006.09.02).]
\scratchcounter=\count518
\scratchdimen=\dimen358
\scratchbox=\box95
\nofMPsegments=\count519
\nofMParguments=\count520
\everyMPshowfont=\toks59
\MPscratchCnt=\count521
\MPscratchDim=\dimen359
\MPnumerator=\count522
\makeMPintoPDFobject=\count523
\everyMPtoPDFconversion=\toks60
) (/usr/local/texlive/2023/texmf-dist/tex/latex/epstopdf-pkg/epstopdf-base.sty
Package: epstopdf-base 2020-01-24 v2.11 Base part for package epstopdf
Package epstopdf-base Info: Redefining graphics rule for `.eps' on input line 4
85.

(/usr/local/texlive/2023/texmf-dist/tex/latex/latexconfig/epstopdf-sys.cfg
File: epstopdf-sys.cfg 2010/07/13 v1.3 Configuration of (r)epstopdf for TeX Liv
e
))
Package hyperref Info: Link coloring OFF on input line 144.

(./discussion.out) (./discussion.out)
\@outlinefile=\write6
\openout6 = `discussion.out'.

LaTeX Font Info:    Overwriting symbol font `operators' in version `normal'
(Font)                  OT1/cmr/m/n --> OT1/cmss/m/n on input line 144.
LaTeX Font Info:    Overwriting symbol font `operators' in version `bold'
(Font)                  OT1/cmr/bx/n --> OT1/cmss/b/n on input line 144.
\symnumbers=\mathgroup7
\sympureletters=\mathgroup8
LaTeX Font Info:    Overwriting math alphabet `\mathrm' in version `normal'
(Font)                  OT1/cmss/m/n --> OT1/cmr/m/n on input line 144.
LaTeX Font Info:    Redeclaring math alphabet \mathbf on input line 144.
LaTeX Font Info:    Overwriting math alphabet `\mathbf' in version `normal'
(Font)                  OT1/cmr/bx/n --> OT1/cmss/b/n on input line 144.
LaTeX Font Info:    Overwriting math alphabet `\mathbf' in version `bold'
(Font)                  OT1/cmr/bx/n --> OT1/cmss/b/n on input line 144.
LaTeX Font Info:    Redeclaring math alphabet \mathsf on input line 144.
LaTeX Font Info:    Overwriting math alphabet `\mathsf' in version `normal'
(Font)                  OT1/cmss/m/n --> OT1/cmss/m/n on input line 144.
LaTeX Font Info:    Overwriting math alphabet `\mathsf' in version `bold'
(Font)                  OT1/cmss/bx/n --> OT1/cmss/m/n on input line 144.
LaTeX Font Info:    Redeclaring math alphabet \mathit on input line 144.
LaTeX Font Info:    Overwriting math alphabet `\mathit' in version `normal'
(Font)                  OT1/cmr/m/it --> OT1/cmss/m/it on input line 144.
LaTeX Font Info:    Overwriting math alphabet `\mathit' in version `bold'
(Font)                  OT1/cmr/bx/it --> OT1/cmss/m/it on input line 144.
LaTeX Font Info:    Redeclaring math alphabet \mathtt on input line 144.
LaTeX Font Info:    Overwriting math alphabet `\mathtt' in version `normal'
(Font)                  OT1/cmtt/m/n --> OT1/cmtt/m/n on input line 144.
LaTeX Font Info:    Overwriting math alphabet `\mathtt' in version `bold'
(Font)                  OT1/cmtt/m/n --> OT1/cmtt/m/n on input line 144.
LaTeX Font Info:    Overwriting symbol font `numbers' in version `bold'
(Font)                  OT1/cmss/m/n --> OT1/cmss/b/n on input line 144.
LaTeX Font Info:    Overwriting symbol font `pureletters' in version `bold'
(Font)                  OT1/cmss/m/it --> OT1/cmss/b/it on input line 144.
LaTeX Font Info:    Overwriting math alphabet `\mathrm' in version `bold'
(Font)                  OT1/cmss/b/n --> OT1/cmr/b/n on input line 144.
LaTeX Font Info:    Overwriting math alphabet `\mathbf' in version `bold'
(Font)                  OT1/cmss/b/n --> OT1/cmss/b/n on input line 144.
LaTeX Font Info:    Overwriting math alphabet `\mathsf' in version `bold'
(Font)                  OT1/cmss/m/n --> OT1/cmss/b/n on input line 144.
LaTeX Font Info:    Overwriting math alphabet `\mathit' in version `bold'
(Font)                  OT1/cmss/m/it --> OT1/cmss/b/it on input line 144.
LaTeX Font Info:    Overwriting math alphabet `\mathtt' in version `bold'
(Font)                  OT1/cmtt/m/n --> OT1/cmtt/b/n on input line 144.
LaTeX Font Info:    Redeclaring symbol font `pureletters' on input line 144.
LaTeX Font Info:    Overwriting symbol font `pureletters' in version `normal'
(Font)                  OT1/cmss/m/it --> OT1/mathkerncmss/m/sl on input line 1
44.
LaTeX Font Info:    Overwriting symbol font `pureletters' in version `bold'
(Font)                  OT1/cmss/b/it --> OT1/mathkerncmss/m/sl on input line 1
44.
LaTeX Font Info:    Overwriting symbol font `pureletters' in version `bold'
(Font)                  OT1/mathkerncmss/m/sl --> OT1/mathkerncmss/bx/sl on inp
ut line 144.

(/usr/local/texlive/2023/texmf-dist/tex/latex/translator/translator-basic-dicti
onary-English.dict
Dictionary: translator-basic-dictionary, Language: English 
)
(/usr/local/texlive/2023/texmf-dist/tex/latex/translator/translator-bibliograph
y-dictionary-English.dict
Dictionary: translator-bibliography-dictionary, Language: English 
)
(/usr/local/texlive/2023/texmf-dist/tex/latex/translator/translator-environment
-dictionary-English.dict
Dictionary: translator-environment-dictionary, Language: English 
)
(/usr/local/texlive/2023/texmf-dist/tex/latex/translator/translator-months-dict
ionary-English.dict
Dictionary: translator-months-dictionary, Language: English 
)
(/usr/local/texlive/2023/texmf-dist/tex/latex/translator/translator-numbers-dic
tionary-English.dict
Dictionary: translator-numbers-dictionary, Language: English 
)
(/usr/local/texlive/2023/texmf-dist/tex/latex/translator/translator-theorem-dic
tionary-English.dict
Dictionary: translator-theorem-dictionary, Language: English 
)
Package caption Info: Begin \AtBeginDocument code.
Package caption Info: float package is loaded.
Package caption Info: End \AtBeginDocument code.
Package biblatex Info: Trying to load language 'english'...
Package biblatex Info: ... file 'english.lbx' found.

(/usr/local/texlive/2023/texmf-dist/tex/latex/biblatex/lbx/english.lbx
File: english.lbx 2023/03/05 v3.19 biblatex localization (PK/MW)
)
Package biblatex Info: Input encoding 'utf8' detected.
Package biblatex Info: Data encoding 'utf8' specified.
(biblatex)             No need to reencode data.
\openout5 = `discussion.bcf'.

Package biblatex Info: Trying to load bibliographic data...
Package biblatex Info: ... file 'discussion.bbl' not found.

No file discussion.bbl.
Package biblatex Info: Reference section=0 on input line 144.
Package biblatex Info: Reference segment=0 on input line 144.
Package pgfplots notification 'compat/show suggested version=true': you might b
enefit from \pgfplotsset{compat=1.16} (current compat level: 1.9).


(/usr/local/texlive/2023/texmf-dist/tex/latex/translations/translations-basic-d
ictionary-english.trsl
File: translations-basic-dictionary-english.trsl (english translation file `tra
nslations-basic-dictionary')
)
Package translations Info: loading dictionary `translations-basic-dictionary' f
or `english'. on input line 144.
 (./discussion.nav)
Overfull \vbox (44.55656pt too high) detected at line 148
 []

[1

{/usr/local/texlive/2023/texmf-var/fonts/map/pdftex/updmap/pdftex.map}]
LaTeX Font Info:    Trying to load font information for TS1+cmss on input line 
167.

(/usr/local/texlive/2023/texmf-dist/tex/latex/base/ts1cmss.fd
File: ts1cmss.fd 2023/04/13 v2.5m Standard LaTeX font definitions
) [2

{/usr/local/texlive/2023/texmf-dist/fonts/enc/dvips/cm-super/cm-super-ts1.enc}]
 [3

] [4

]
[5

] [6

]
\tf@nav=\write7
\openout7 = `discussion.nav'.

\tf@toc=\write8
\openout8 = `discussion.toc'.

\tf@snm=\write9
\openout9 = `discussion.snm'.

 (./discussion.aux)
 ***********
LaTeX2e <2023-11-01>
L3 programming layer <2023-11-09>
 ***********
Package rerunfilecheck Info: File `discussion.out' has not changed.
(rerunfilecheck)             Checksum: D41D8CD98F00B204E9800998ECF8427E;0.
Package logreq Info: Writing requests to 'discussion.run.xml'.
\openout1 = `discussion.run.xml'.

 ) 
Here is how much of TeX's memory you used:
 47903 strings out of 474267
 1134234 string characters out of 5747435
 1942654 words of memory out of 5000000
 69351 multiletter control sequences out of 15000+600000
 561426 words of font info for 47 fonts, out of 8000000 for 9000
 1141 hyphenation exceptions out of 8191
 128i,13n,123p,1901b,903s stack positions out of 10000i,1000n,20000p,200000b,200000s
</usr/local/texlive/2023/texmf-dist/fonts/type1/public/amsfonts/cm/cmss10.pfb
></usr/local/texlive/2023/texmf-dist/fonts/type1/public/amsfonts/cm/cmss8.pfb><
/usr/local/texlive/2023/texmf-dist/fonts/type1/public/amsfonts/cm/cmssbx10.pfb>
</usr/local/texlive/2023/texmf-dist/fonts/type1/public/cm-super/sfss1095.pfb>
Output written on discussion.pdf (6 pages, 47236 bytes).
PDF statistics:
 72 PDF objects out of 1000 (max. 8388607)
 49 compressed objects within 1 object stream
 13 named destinations out of 1000 (max. 500000)
 43 words of extra memory for PDF output out of 10000 (max. 10000000)

